├─┬ mop@0.13.4
│ ├─┬ collections@0.1.24
│ │ └── weak-map@1.0.0
│ ├── csso@1.3.10
│ ├── html-minifier@0.5.4
│ ├─┬ jsdom@0.6.5
│ │ ├─┬ contextify@0.1.6
│ │ │ └── bindings@1.1.1
│ │ ├── cssom@0.2.5
│ │ ├─┬ cssstyle@0.2.7
│ │ │ └── cssom@0.3.0
│ │ ├─┬ htmlparser2@3.3.0
│ │ │ ├── domelementtype@1.1.1
│ │ │ ├── domhandler@2.1.0
│ │ │ ├── domutils@1.1.6
│ │ │ └── readable-stream@1.0.17
│ │ ├── nwmatcher@1.3.1
│ │ └─┬ request@2.27.0
│ │   ├── aws-sign@0.3.0
│ │   ├── cookie-jar@0.3.0
│ │   ├── forever-agent@0.5.0
│ │   ├─┬ form-data@0.1.2
│ │   │ ├── async@0.2.9
│ │   │ └─┬ combined-stream@0.0.4
│ │   │   └── delayed-stream@0.0.5
│ │   ├─┬ hawk@1.0.0
│ │   │ ├── boom@0.4.2
│ │   │ ├── cryptiles@0.2.2
│ │   │ ├── hoek@0.9.1
│ │   │ └── sntp@0.2.4
│ │   ├─┬ http-signature@0.10.0
│ │   │ ├── asn1@0.1.11
│ │   │ ├── assert-plus@0.1.2
│ │   │ └── ctype@0.5.2
│ │   ├── json-stringify-safe@5.0.0
│ │   ├── mime@1.2.11
│ │   ├── node-uuid@1.4.1
│ │   ├── oauth-sign@0.3.0
│ │   ├── qs@0.6.6
│ │   └── tunnel-agent@0.3.0
│ ├─┬ montage@0.13.8
│ │ ├─┬ collections@0.2.2
│ │ │ └── weak-map@1.0.0
│ │ ├── frb@0.2.16
│ │ ├─┬ htmlparser2@3.0.5
│ │ │ ├── domelementtype@1.1.1
│ │ │ ├── domhandler@2.0.3
│ │ │ ├── domutils@1.1.6
│ │ │ └── readable-stream@1.0.17
│ │ └─┬ mousse@0.1.4
│ │   └─┬ collections@0.1.24
│ │     └── weak-map@1.0.0
│ ├─┬ mr@0.14.1
│ │ └── q@0.9.7
│ ├─┬ optimist@0.5.2
│ │ └── wordwrap@0.0.2
│ ├── q@0.9.6
│ ├─┬ q-io@1.6.6
│ │ ├── mime@1.2.11
│ │ ├── mimeparse@0.1.4
│ │ └── qs@0.1.0
│ ├── semver@1.1.4
│ ├─┬ uglify-js@2.2.5
│ │ ├─┬ optimist@0.3.7
│ │ │ └── wordwrap@0.0.2
│ │ └─┬ source-map@0.1.31
│ │   └── amdefine@0.1.0
│ └── url2@0.0.0
